<?xml version="1.0" encoding="UTF-8"?>
<!-- Generated by org.testng.reporters.JUnitReportReporter -->
<testsuite hostname="nicsi" name="com.MG.testcases.testPostingPerformance" tests="1" failures="0" timestamp="24 May 2017 07:28:00 GMT" time="48.247" errors="0">
  <testcase name="tcposting01" time="48.247" classname="com.MG.testcases.testPostingPerformance"/>
</testsuite> <!-- com.MG.testcases.testPostingPerformance -->
